[21:00:16] [main/INFO]: Environment: authHost='https://authserver.mojang.com', accountsHost='https://api.mojang.com', sessionHost='https://sessionserver.mojang.com', name='PROD'
[21:00:17] [main/WARN]: Ambiguity between arguments [teleport, destination] and [teleport, targets] with inputs: [Player, 0123, @e, dd12be42-52a9-4a91-a8a1-11c01849e498]
[21:00:17] [main/WARN]: Ambiguity between arguments [teleport, location] and [teleport, destination] with inputs: [0.1 -0.5 .9, 0 0 0]
[21:00:17] [main/WARN]: Ambiguity between arguments [teleport, location] and [teleport, targets] with inputs: [0.1 -0.5 .9, 0 0 0]
[21:00:17] [main/WARN]: Ambiguity between arguments [teleport, targets] and [teleport, destination] with inputs: [Player, 0123, dd12be42-52a9-4a91-a8a1-11c01849e498]
[21:00:17] [main/WARN]: Ambiguity between arguments [teleport, targets, location] and [teleport, targets, destination] with inputs: [0.1 -0.5 .9, 0 0 0]
[21:00:17] [main/INFO]: Reloading ResourceManager: Default
[21:00:18] [Worker-Main-13/INFO]: Loaded 7 recipes
[21:00:18] [Worker-Main-13/INFO]: Loaded 927 advancements
[21:00:19] [Server thread/INFO]: Starting minecraft server version 1.16.3
[21:00:19] [Server thread/INFO]: Loading properties
[21:00:19] [Server thread/INFO]: Default game type: SURVIVAL
[21:00:19] [Server thread/INFO]: Generating keypair
[21:00:19] [Server thread/INFO]: Starting Minecraft server on *:25565
[21:00:19] [Server thread/INFO]: Using epoll channel type
[21:00:20] [Server thread/INFO]: Preparing level "Cutie New World 2"
[21:00:20] [Server thread/INFO]: Preparing start region for dimension minecraft:overworld
[21:00:21] [Server thread/INFO]: Preparing spawn area: 0%
[21:00:21] [Server thread/INFO]: Preparing spawn area: 0%
[21:00:21] [Server thread/INFO]: Preparing spawn area: 0%
[21:00:21] [Server thread/INFO]: Preparing spawn area: 0%
[21:00:22] [Server thread/INFO]: Time elapsed: 2256 ms
[21:00:22] [Server thread/INFO]: Done (2.360s)! For help, type "help"
[21:00:22] [Server thread/INFO]: Starting GS4 status listener
[21:00:22] [Server thread/INFO]: Thread Query Listener started
[21:00:22] [Query Listener #1/INFO]: Query running on 0.0.0.0:25565
[21:00:31] [User Authenticator #1/INFO]: UUID of player cheeman14 is 8cc82656-d803-44ff-b85e-fbbc8637e3a1
[21:00:31] [Server thread/INFO]: cheeman14[/192.168.1.108:63084] logged in with entity id 129 at (591.1637297635671, 78.5, -1260.8588197869547)
[21:00:31] [Server thread/INFO]: cheeman14 joined the game
[21:00:40] [Server thread/WARN]: Can't keep up! Is the server overloaded? Running 2024ms or 40 ticks behind
[21:02:07] [Server thread/WARN]: Fetching packet for removed entity bcs['Air'/2075, l='ServerLevel[Cutie New World 2]', x=588.20, y=77.00, z=-1213.20]
[21:02:50] [User Authenticator #2/INFO]: UUID of player Rat_Tomago is 36116a7f-a276-461a-bcbe-a316c70c6ec2
[21:02:50] [Server thread/INFO]: Rat_Tomago[/192.168.1.149:56713] logged in with entity id 2182 at (571.4884247123106, 78.5, -1259.9800378918083)
[21:02:50] [Server thread/INFO]: Rat_Tomago joined the game
[21:03:10] [Server thread/WARN]: Fetching packet for removed entity bcs['Air'/2286, l='ServerLevel[Cutie New World 2]', x=609.20, y=79.00, z=-1191.80]
[21:03:10] [Server thread/WARN]: Fetching packet for removed entity bcs['Air'/2286, l='ServerLevel[Cutie New World 2]', x=609.20, y=79.00, z=-1191.80]
[21:04:45] [Server thread/WARN]: Fetching packet for removed entity bcs['Air'/2645, l='ServerLevel[Cutie New World 2]', x=608.80, y=79.00, z=-1192.80]
[21:09:01] [Server thread/WARN]: Boat (vehicle of cheeman14) moved wrongly! 0.2771548314971426
[21:09:35] [Server thread/WARN]: Boat (vehicle of Rat_Tomago) moved wrongly! 1.31493493819886
[21:09:35] [Server thread/WARN]: Boat (vehicle of Rat_Tomago) moved wrongly! 1.291224595934068
[21:09:35] [Server thread/WARN]: Boat (vehicle of Rat_Tomago) moved wrongly! 1.2677750669028
[21:09:36] [Server thread/WARN]: Boat (vehicle of Rat_Tomago) moved wrongly! 1.2445834821653392
[21:09:36] [Server thread/WARN]: Boat (vehicle of Rat_Tomago) moved wrongly! 1.221647004340241
[21:09:36] [Server thread/WARN]: Boat (vehicle of Rat_Tomago) moved wrongly! 1.1989628272571764
[21:09:36] [Server thread/WARN]: Boat (vehicle of Rat_Tomago) moved wrongly! 1.1765281756136403
[21:09:36] [Server thread/WARN]: Boat (vehicle of Rat_Tomago) moved wrongly! 1.1543403046353973
[21:09:36] [Server thread/WARN]: Boat (vehicle of Rat_Tomago) moved wrongly! 1.1323964997406648
[21:09:36] [Server thread/WARN]: Boat (vehicle of Rat_Tomago) moved wrongly! 0.944306133737129
[21:15:32] [Server thread/WARN]: Rat_Tomago moved too quickly! -9.992070240599745,-0.17675927506424216,-1.7358098898075696
[21:15:32] [Server thread/WARN]: Can't keep up! Is the server overloaded? Running 8506ms or 170 ticks behind
[21:18:35] [Server thread/WARN]: Mismatch in destroy block pos: fx{x=709, y=49, z=3051} fx{x=709, y=48, z=3052}
[21:18:35] [Server thread/WARN]: Mismatch in destroy block pos: fx{x=709, y=49, z=3051} fx{x=709, y=48, z=3052}
[21:18:35] [Server thread/WARN]: Mismatch in destroy block pos: fx{x=709, y=49, z=3051} fx{x=709, y=48, z=3052}
[21:18:40] [Server thread/WARN]: Mismatch in destroy block pos: fx{x=705, y=51, z=3051} fx{x=704, y=50, z=3051}
[21:20:35] [Server thread/WARN]: Can't keep up! Is the server overloaded? Running 2874ms or 57 ticks behind
[21:20:44] [Server thread/WARN]: Boat (vehicle of Rat_Tomago) moved too quickly! 0.0,0.0,-11.158784138443536
[21:20:44] [Server thread/WARN]: Boat (vehicle of Rat_Tomago) moved too quickly! 0.0,0.0,-11.167616623359493
[21:20:44] [Server thread/WARN]: Boat (vehicle of Rat_Tomago) moved too quickly! 0.0,0.0,-11.176351951139338
[21:20:46] [Server thread/WARN]: Boat (vehicle of Rat_Tomago) moved too quickly! 0.0,0.0,-11.565979803769352
[21:20:46] [Server thread/WARN]: Boat (vehicle of Rat_Tomago) moved too quickly! 0.0,0.0,-14.477238777739927
[21:20:46] [Server thread/WARN]: Boat (vehicle of Rat_Tomago) moved too quickly! 0.0,0.0,-17.39624686247552
[21:20:46] [Server thread/WARN]: Boat (vehicle of Rat_Tomago) moved too quickly! 0.0,0.0,-20.322926905536633
[21:20:46] [Server thread/WARN]: Boat (vehicle of Rat_Tomago) moved too quickly! 0.0,0.0,-23.257202457872523
[21:20:46] [Server thread/WARN]: Boat (vehicle of Rat_Tomago) moved too quickly! 0.0,0.0,-26.198997378653814
[21:20:46] [Server thread/WARN]: Boat (vehicle of Rat_Tomago) moved too quickly! 0.0,0.0,-29.148236234213357
[21:20:46] [Server thread/WARN]: Boat (vehicle of Rat_Tomago) moved too quickly! 0.0,0.0,-32.10484428654222
[21:20:46] [Server thread/WARN]: Boat (vehicle of Rat_Tomago) moved too quickly! 0.0,0.0,-35.06874748563743
[21:20:46] [Server thread/WARN]: Boat (vehicle of Rat_Tomago) moved too quickly! 0.0,0.0,-38.039872469384534
[21:20:46] [Server thread/WARN]: Boat (vehicle of Rat_Tomago) moved too quickly! 0.0,0.0,-41.01814619463764
[21:20:46] [Server thread/WARN]: Boat (vehicle of Rat_Tomago) moved too quickly! 0.0,0.0,-44.00349630251455
[21:20:46] [Server thread/WARN]: Boat (vehicle of Rat_Tomago) moved too quickly! 0.0,0.0,-46.99585144987128
[21:20:46] [Server thread/WARN]: Boat (vehicle of Rat_Tomago) moved too quickly! 0.0,0.0,-49.995140284849995
[21:20:46] [Server thread/WARN]: Boat (vehicle of Rat_Tomago) moved too quickly! 0.0,0.0,-53.00129246025381
[21:20:46] [Server thread/WARN]: Boat (vehicle of Rat_Tomago) moved too quickly! 0.0,0.0,-56.014237963119186
[21:20:46] [Server thread/WARN]: Boat (vehicle of Rat_Tomago) moved too quickly! 0.0,0.0,-59.033907759239874
[21:20:46] [Server thread/WARN]: Boat (vehicle of Rat_Tomago) moved too quickly! 0.0,0.0,-62.06023314910125
[21:20:46] [Server thread/WARN]: Boat (vehicle of Rat_Tomago) moved too quickly! 0.0,0.0,-65.09314608084838
[21:20:46] [Server thread/WARN]: Boat (vehicle of Rat_Tomago) moved too quickly! 0.0,0.0,-68.13257885258918
[21:20:46] [Server thread/WARN]: Boat (vehicle of Rat_Tomago) moved too quickly! 0.0,0.0,-71.1784647008659
[21:20:46] [Server thread/WARN]: Boat (vehicle of Rat_Tomago) moved too quickly! 0.0,0.0,-74.23073720918723
[21:20:46] [Server thread/WARN]: Boat (vehicle of Rat_Tomago) moved too quickly! 0.0,0.0,-77.2893305947841
[21:20:46] [Server thread/WARN]: Boat (vehicle of Rat_Tomago) moved too quickly! 0.0,0.0,-80.35417970908958
[21:20:46] [Server thread/WARN]: Boat (vehicle of Rat_Tomago) moved too quickly! 0.0,0.0,-83.42522002331188
[21:20:46] [Server thread/WARN]: Boat (vehicle of Rat_Tomago) moved too quickly! 0.0,0.0,-86.5023876253423
[21:20:46] [Server thread/WARN]: Boat (vehicle of Rat_Tomago) moved too quickly! 0.0,0.0,-89.58561895965182
[21:20:46] [Server thread/WARN]: Boat (vehicle of Rat_Tomago) moved too quickly! 0.0,0.0,-92.6748510878645
[21:20:46] [Server thread/WARN]: Boat (vehicle of Rat_Tomago) moved too quickly! 0.0,0.0,-95.77002167824338
[21:20:50] [Server thread/WARN]: Boat (vehicle of Rat_Tomago) moved too quickly! 0.0,0.0,-10.137452708492333
[21:20:50] [Server thread/WARN]: Boat (vehicle of Rat_Tomago) moved too quickly! 0.0,0.0,-13.522171097173995
[21:20:50] [Server thread/WARN]: Boat (vehicle of Rat_Tomago) moved too quickly! 0.0,0.0,-16.909624145830662
[21:21:14] [Server thread/WARN]: Boat (vehicle of cheeman14) moved wrongly! 1.0643778423249728
[21:21:14] [Server thread/WARN]: Boat (vehicle of cheeman14) moved wrongly! 1.0796537625616907
[21:21:14] [Server thread/WARN]: Boat (vehicle of Rat_Tomago) moved wrongly! 2.100536953219546
[21:21:14] [Server thread/WARN]: Boat (vehicle of cheeman14) moved wrongly! 1.0947616480181068
[21:21:14] [Server thread/WARN]: Boat (vehicle of Rat_Tomago) moved wrongly! 2.1044271940469343
[21:21:15] [Server thread/WARN]: Boat (vehicle of cheeman14) moved wrongly! 1.1097033470731503
[21:21:15] [Server thread/WARN]: Boat (vehicle of Rat_Tomago) moved wrongly! 2.108274642312381
[21:21:15] [Server thread/WARN]: Boat (vehicle of cheeman14) moved wrongly! 1.1244806877734277
[21:21:15] [Server thread/WARN]: Boat (vehicle of Rat_Tomago) moved wrongly! 2.1120797687331674
[21:21:15] [Server thread/WARN]: Boat (vehicle of cheeman14) moved wrongly! 1.139095478057186
[21:21:15] [Server thread/WARN]: Boat (vehicle of Rat_Tomago) moved wrongly! 2.115843038848652
[21:21:15] [Server thread/WARN]: Boat (vehicle of cheeman14) moved wrongly! 1.1535495059753202
[21:21:15] [Server thread/WARN]: Boat (vehicle of Rat_Tomago) moved wrongly! 2.11956491307717
[21:21:15] [Server thread/WARN]: Boat (vehicle of cheeman14) moved wrongly! 1.1678445399103339
[21:21:15] [Server thread/WARN]: Boat (vehicle of Rat_Tomago) moved wrongly! 2.1232458467725905
[21:21:15] [Server thread/WARN]: Boat (vehicle of cheeman14) moved wrongly! 1.181982328792401
[21:21:15] [Server thread/WARN]: Boat (vehicle of Rat_Tomago) moved wrongly! 2.0717625470317103
[21:21:15] [Server thread/WARN]: Boat (vehicle of cheeman14) moved wrongly! 1.1959646023136656
[21:21:15] [Server thread/WARN]: Boat (vehicle of cheeman14) moved wrongly! 1.2497930702454596
[21:21:15] [Server thread/WARN]: Boat (vehicle of cheeman14) moved wrongly! 1.3430294253423085
[21:21:15] [Server thread/WARN]: Boat (vehicle of cheeman14) moved wrongly! 1.4752401817285659
[21:21:15] [Server thread/WARN]: Boat (vehicle of cheeman14) moved wrongly! 1.6459966218635032
[21:21:15] [Server thread/WARN]: Boat (vehicle of cheeman14) moved wrongly! 1.8548747440897841
[21:21:15] [Server thread/WARN]: Boat (vehicle of cheeman14) moved wrongly! 2.101455210758786
[21:21:15] [Server thread/WARN]: Boat (vehicle of cheeman14) moved wrongly! 2.385323296926515
[21:21:15] [Server thread/WARN]: Boat (vehicle of cheeman14) moved wrongly! 2.4846006504174625
[21:21:15] [Server thread/WARN]: Boat (vehicle of cheeman14) moved wrongly! 2.4091396664690023
[21:22:01] [Server thread/WARN]: Boat (vehicle of Rat_Tomago) moved too quickly! 0.0,0.0,-10.150333033905952
[21:22:07] [Server thread/WARN]: Boat (vehicle of Rat_Tomago) moved too quickly! 0.0,0.0,-10.694085316179617
[21:22:09] [Server thread/WARN]: Boat (vehicle of Rat_Tomago) moved too quickly! 0.0,0.0,-10.779835070300294
[21:24:54] [Server thread/WARN]: Fetching packet for removed entity bcs['Air'/18278, l='ServerLevel[Cutie New World 2]', x=609.20, y=79.00, z=-1191.80]
[21:24:54] [Server thread/WARN]: Fetching packet for removed entity bcs['Air'/18278, l='ServerLevel[Cutie New World 2]', x=609.20, y=79.00, z=-1191.80]
[21:26:36] [Server thread/WARN]: Fetching packet for removed entity bcs['Air'/18533, l='ServerLevel[Cutie New World 2]', x=588.20, y=77.00, z=-1213.20]
[21:26:36] [Server thread/WARN]: Fetching packet for removed entity bcs['Air'/18533, l='ServerLevel[Cutie New World 2]', x=588.20, y=77.00, z=-1213.20]
[21:27:54] [Server thread/WARN]: Fetching packet for removed entity bcs['Air'/18717, l='ServerLevel[Cutie New World 2]', x=609.20, y=79.00, z=-1193.20]
[21:27:54] [Server thread/WARN]: Fetching packet for removed entity bcs['Air'/18717, l='ServerLevel[Cutie New World 2]', x=609.20, y=79.00, z=-1193.20]
[21:28:05] [Server thread/WARN]: Fetching packet for removed entity bcs['Air'/18733, l='ServerLevel[Cutie New World 2]', x=609.80, y=79.00, z=-1193.20]
[21:28:05] [Server thread/WARN]: Fetching packet for removed entity bcs['Air'/18733, l='ServerLevel[Cutie New World 2]', x=609.80, y=79.00, z=-1193.20]
[21:28:42] [Server thread/WARN]: Fetching packet for removed entity bcs['Air'/18916, l='ServerLevel[Cutie New World 2]', x=609.20, y=79.00, z=-1193.20]
[21:28:42] [Server thread/WARN]: Fetching packet for removed entity bcs['Air'/18916, l='ServerLevel[Cutie New World 2]', x=609.20, y=79.00, z=-1193.20]
[21:30:06] [Server thread/WARN]: Fetching packet for removed entity bcs['Air'/19236, l='ServerLevel[Cutie New World 2]', x=588.20, y=77.00, z=-1213.20]
[21:30:06] [Server thread/WARN]: Fetching packet for removed entity bcs['Air'/19236, l='ServerLevel[Cutie New World 2]', x=588.20, y=77.00, z=-1213.20]
[21:30:24] [Server thread/WARN]: Fetching packet for removed entity bcs['Air'/19266, l='ServerLevel[Cutie New World 2]', x=610.20, y=79.00, z=-1192.20]
[21:30:24] [Server thread/WARN]: Fetching packet for removed entity bcs['Air'/19266, l='ServerLevel[Cutie New World 2]', x=610.20, y=79.00, z=-1192.20]
[21:30:42] [Server thread/WARN]: Fetching packet for removed entity bcs['Air'/19311, l='ServerLevel[Cutie New World 2]', x=588.20, y=77.00, z=-1213.20]
[21:30:42] [Server thread/WARN]: Fetching packet for removed entity bcs['Air'/19311, l='ServerLevel[Cutie New World 2]', x=588.20, y=77.00, z=-1213.20]
[21:32:47] [Server thread/WARN]: Fetching packet for removed entity bcs['Air'/19682, l='ServerLevel[Cutie New World 2]', x=610.80, y=79.00, z=-1192.20]
[21:32:47] [Server thread/WARN]: Fetching packet for removed entity bcs['Air'/19682, l='ServerLevel[Cutie New World 2]', x=610.80, y=79.00, z=-1192.20]
[21:33:39] [Server thread/INFO]: cheeman14 lost connection: Disconnected
[21:33:39] [Server thread/INFO]: cheeman14 left the game
[21:42:54] [User Authenticator #3/INFO]: UUID of player cheeman14 is 8cc82656-d803-44ff-b85e-fbbc8637e3a1
[21:42:54] [Server thread/INFO]: cheeman14[/192.168.1.108:63183] logged in with entity id 23968 at (612.0265509254177, 76.0625, -1245.9304310288965)
[21:42:54] [Server thread/INFO]: cheeman14 joined the game
[21:43:03] [Server thread/WARN]: Boat (vehicle of Rat_Tomago) moved too quickly! 0.0,0.0,-10.595914221737644
[21:43:10] [Server thread/WARN]: Boat (vehicle of Rat_Tomago) moved too quickly! 0.0,0.0,-10.69140154832698
[21:43:10] [Server thread/WARN]: Boat (vehicle of Rat_Tomago) moved wrongly! 0.33421024282944245
[21:43:10] [Server thread/WARN]: Boat (vehicle of Rat_Tomago) moved wrongly! 0.3751279774169234
[21:44:58] [Server thread/WARN]: Fetching packet for removed entity bcs['Egg'/27437, l='ServerLevel[Cutie New World 2]', x=596.80, y=78.00, z=-1191.80]
[21:46:44] [Server thread/INFO]: Villager bfg['Butcher'/24614, l='ServerLevel[Cutie New World 2]', x=605.79, y=67.00, z=-1393.46] died, message: 'Butcher was slain by Husk'
[22:03:37] [Server thread/WARN]: Mismatch in destroy block pos: fx{x=715, y=47, z=3052} fx{x=709, y=68, z=3043}
[22:03:37] [Server thread/WARN]: Mismatch in destroy block pos: fx{x=715, y=47, z=3052} fx{x=709, y=68, z=3043}
[22:06:53] [Server thread/INFO]: Unknown or incomplete command, see below for error
[22:06:53] [Server thread/INFO]: <--[HERE]
[22:06:59] [Server thread/INFO]: Unknown or incomplete command, see below for error
[22:06:59] [Server thread/INFO]: <--[HERE]
[22:07:09] [Server thread/INFO]: Set Rat_Tomago's game mode to Creative Mode
[22:10:03] [Server thread/INFO]: cheeman14 lost connection: Disconnected
[22:10:03] [Server thread/INFO]: cheeman14 left the game
[22:16:00] [Server thread/INFO]: Set Rat_Tomago's game mode to Survival Mode
[22:26:27] [Server thread/INFO]: Rat_Tomago lost connection: Disconnected
[22:26:27] [Server thread/INFO]: Rat_Tomago left the game
[23:01:09] [User Authenticator #4/INFO]: UUID of player TheQUell is 5adba1e3-8440-407e-a633-2c16ba0a28dd
[23:01:09] [Server thread/INFO]: TheQUell[/209.6.65.121:50029] logged in with entity id 39961 at (100.5, 64.0, -206.5)
[23:01:09] [Server thread/INFO]: TheQUell joined the game
[23:03:03] [User Authenticator #5/INFO]: UUID of player cheeman14 is 8cc82656-d803-44ff-b85e-fbbc8637e3a1
[23:03:03] [Server thread/INFO]: cheeman14[/192.168.1.108:50552] logged in with entity id 41037 at (121.13045112801342, 128.0, 361.47375050919015)
[23:03:03] [Server thread/INFO]: cheeman14 joined the game
[23:03:58] [Server thread/INFO]: TheQUell has made the advancement [We Need to Go Deeper]
[23:04:42] [User Authenticator #6/INFO]: UUID of player Rat_Tomago is 36116a7f-a276-461a-bcbe-a316c70c6ec2
[23:04:42] [Server thread/INFO]: Rat_Tomago[/192.168.1.149:58259] logged in with entity id 43337 at (713.7740439470255, 64.0, 3068.0547536076756)
[23:04:42] [Server thread/INFO]: Rat_Tomago joined the game
[23:05:38] [Server thread/WARN]: cheeman14 moved too quickly! 1.7884332328886785,0.0,9.879967643412783
[23:05:38] [Server thread/WARN]: TheQUell moved too quickly! -9.964256978967589,-0.49520087700592796,2.0348635591142994
[23:05:38] [Server thread/WARN]: Can't keep up! Is the server overloaded? Running 2920ms or 58 ticks behind
[23:07:11] [Server thread/WARN]: Fetching packet for removed entity bcs['Air'/47570, l='ServerLevel[Cutie New World 2]', x=608.20, y=79.00, z=-1192.20]
[23:08:44] [Server thread/INFO]: TheQUell has made the advancement [Sweet Dreams]
[23:10:41] [Server thread/WARN]: Boat (vehicle of Rat_Tomago) moved too quickly! 0.05601124908930899,0.0,10.74315962164195
[23:10:41] [Server thread/WARN]: Boat (vehicle of Rat_Tomago) moved too quickly! 0.08295968087860217,0.0,12.939313518113352
[23:10:41] [Server thread/WARN]: Boat (vehicle of Rat_Tomago) moved too quickly! 0.08295968087860217,0.0,15.150966227502238
[23:10:41] [Server thread/WARN]: Boat (vehicle of Rat_Tomago) moved too quickly! 0.08295968087860217,0.0,17.37804155776189
[23:10:41] [Server thread/WARN]: Boat (vehicle of Rat_Tomago) moved too quickly! 0.08295968087860217,0.0,19.62044803935055
[23:10:41] [Server thread/WARN]: Boat (vehicle of Rat_Tomago) moved too quickly! 0.08295968087860217,0.0,21.878080281651194
[23:10:41] [Server thread/WARN]: Boat (vehicle of Rat_Tomago) moved too quickly! 0.08295968087860217,0.0,24.15081890631086
[23:10:41] [Server thread/WARN]: Boat (vehicle of Rat_Tomago) moved too quickly! 0.08295968087860217,0.0,26.438531468515237
[23:10:41] [Server thread/WARN]: Boat (vehicle of Rat_Tomago) moved too quickly! 0.08295968087860217,0.0,28.74107302167721
[23:10:41] [Server thread/WARN]: Boat (vehicle of Rat_Tomago) moved too quickly! 0.082940506120039,0.0,31.05828666473809
[23:10:41] [Server thread/WARN]: Boat (vehicle of Rat_Tomago) moved too quickly! 0.0821814388015838,0.0,33.39000416167954
[23:10:41] [Server thread/WARN]: Boat (vehicle of Rat_Tomago) moved too quickly! 0.0799814267019201,0.0,35.73604655422088
[23:10:41] [Server thread/WARN]: Boat (vehicle of Rat_Tomago) moved too quickly! 0.07565141434821498,0.0,38.09622448092949
[23:10:41] [Server thread/WARN]: Boat (vehicle of Rat_Tomago) moved too quickly! 0.0685220720550177,0.0,40.470339059064884
[23:10:41] [Server thread/WARN]: Boat (vehicle of Rat_Tomago) moved too quickly! 0.057936109850373896,0.0,42.858181918532466
[23:10:41] [Server thread/WARN]: Boat (vehicle of Rat_Tomago) moved too quickly! 0.043255961163978895,0.0,45.2595363232486
[23:10:41] [Server thread/WARN]: Boat (vehicle of Rat_Tomago) moved too quickly! 0.0238560915408641,0.0,47.67417693906572
[23:10:41] [Server thread/WARN]: Boat (vehicle of Rat_Tomago) moved too quickly! -8.731667430907919E-4,0.0,50.10187066968405
[23:10:41] [Server thread/WARN]: Boat (vehicle of Rat_Tomago) moved too quickly! -0.031521866949830724,0.0,52.542377740412405
[23:10:41] [Server thread/WARN]: Boat (vehicle of Rat_Tomago) moved too quickly! -0.06866812911950149,0.0,54.995451048924394
[23:10:41] [Server thread/WARN]: Boat (vehicle of Rat_Tomago) moved too quickly! -0.11287436350612268,0.0,57.46083717345954
[23:10:41] [Server thread/WARN]: Boat (vehicle of Rat_Tomago) moved too quickly! -0.16400262140666655,0.0,59.93841208388159
[23:10:41] [Server thread/WARN]: Boat (vehicle of Rat_Tomago) moved too quickly! -0.22122928727283409,0.0,62.42817524430035
[23:10:41] [Server thread/WARN]: Boat (vehicle of Rat_Tomago) moved too quickly! -0.2837487827928271,0.0,64.93011021400542
[23:10:41] [Server thread/WARN]: Boat (vehicle of Rat_Tomago) moved too quickly! -0.3507661237239006,0.0,67.4441864019422
[23:10:41] [Server thread/WARN]: Boat (vehicle of Rat_Tomago) moved too quickly! -0.42150471075211726,0.0,69.9703585592635
[23:10:41] [Server thread/WARN]: Boat (vehicle of Rat_Tomago) moved too quickly! -0.49520262827965666,0.0,72.50856789051392
[23:10:41] [Server thread/WARN]: Boat (vehicle of Rat_Tomago) moved too quickly! -0.5711127625338577,0.0,75.05874259007254
[23:10:41] [Server thread/WARN]: Boat (vehicle of Rat_Tomago) moved too quickly! -0.6485029037087457,0.0,77.62079837642005
[23:10:41] [Server thread/WARN]: Boat (vehicle of Rat_Tomago) moved too quickly! -0.7266558314997553,0.0,80.19463902425383
[23:10:41] [Server thread/WARN]: Boat (vehicle of Rat_Tomago) moved too quickly! -0.8048655521712362,0.0,82.78015698015719
[23:10:41] [Server thread/WARN]: Boat (vehicle of Rat_Tomago) moved too quickly! -0.8824450635121366,0.0,85.37723363249478
[23:10:41] [Server thread/WARN]: cheeman14 moved too quickly! 2.313583070882487,0.0,9.952817120208238
[23:10:41] [Server thread/WARN]: Boat (vehicle of Rat_Tomago) moved too quickly! -0.9587263567287039,0.0,87.9857399843957
[23:10:41] [Server thread/WARN]: Boat (vehicle of Rat_Tomago) moved too quickly! -1.0330527312380724,0.0,90.6055371516955
[23:10:41] [Server thread/WARN]: Boat (vehicle of Rat_Tomago) moved too quickly! -1.1047826864030554,0.0,93.23647686285193
[23:10:41] [Server thread/WARN]: Boat (vehicle of Rat_Tomago) moved too quickly! -1.1732899231934937,0.0,95.87840195708651
[23:10:41] [Server thread/WARN]: Boat (vehicle of Rat_Tomago) moved too quickly! -1.2379595095370348,0.0,98.53114656784777
[23:10:41] [Server thread/WARN]: Boat (vehicle of Rat_Tomago) moved too quickly! -1.2981955515005836,0.0,101.19453713127058
[23:10:41] [Server thread/WARN]: Boat (vehicle of Rat_Tomago) moved too quickly! -1.353413476479858,0.0,103.86839220262556
[23:10:41] [Server thread/WARN]: Boat (vehicle of Rat_Tomago) moved too quickly! -1.4037371086187989,0.0,106.55260413431637
[23:10:41] [Server thread/WARN]: Boat (vehicle of Rat_Tomago) moved too quickly! -1.4492889230370594,0.0,109.24706634738396
[23:10:41] [Server thread/WARN]: Boat (vehicle of Rat_Tomago) moved too quickly! -1.4901900602035596,0.0,111.95167331230078
[23:10:41] [Server thread/WARN]: Boat (vehicle of Rat_Tomago) moved too quickly! -1.5265565249890471,0.0,114.6663201574475
[23:10:41] [Server thread/WARN]: Boat (vehicle of Rat_Tomago) moved too quickly! -1.5420403191213978,0.0,117.39090344046184
[23:10:41] [Server thread/WARN]: Boat (vehicle of Rat_Tomago) moved too quickly! -1.5380891030048502,0.0,120.12532035765611
[23:10:41] [Server thread/WARN]: Boat (vehicle of Rat_Tomago) moved too quickly! -1.5302950144148184,0.0,122.86946913187302
[23:10:41] [Server thread/WARN]: Boat (vehicle of Rat_Tomago) moved too quickly! -1.5187652159269192,0.0,125.6232490011933
[23:10:41] [Server thread/WARN]: Boat (vehicle of Rat_Tomago) moved too quickly! -1.5036018831528395,0.0,128.38655984641554
[23:10:41] [Server thread/WARN]: Can't keep up! Is the server overloaded? Running 2574ms or 51 ticks behind
[23:10:46] [Server thread/WARN]: Boat (vehicle of Rat_Tomago) moved too quickly! 0.0607368520871745,-0.03999999910593033,12.733917168143194
[23:10:46] [Server thread/WARN]: Boat (vehicle of Rat_Tomago) moved too quickly! 0.0732440249649926,-0.11999999731779099,15.356135771195
[23:10:46] [Server thread/WARN]: Boat (vehicle of Rat_Tomago) moved too quickly! 0.08450048025683543,-0.23999999463558197,17.71613245142305
[23:13:07] [Server thread/WARN]: Fetching packet for removed entity bcs['Air'/55082, l='ServerLevel[Cutie New World 2]', x=608.20, y=79.00, z=-1192.20]
[23:29:13] [Server thread/WARN]: Fetching packet for removed entity bcs['Air'/60580, l='ServerLevel[Cutie New World 2]', x=588.20, y=77.00, z=-1213.20]
[23:29:13] [Server thread/WARN]: Fetching packet for removed entity bcs['Air'/60580, l='ServerLevel[Cutie New World 2]', x=588.20, y=77.00, z=-1213.20]
[23:30:53] [Server thread/WARN]: Fetching packet for removed entity bcs['Air'/60995, l='ServerLevel[Cutie New World 2]', x=609.20, y=79.00, z=-1193.20]
[23:30:53] [Server thread/WARN]: Fetching packet for removed entity bcs['Air'/60995, l='ServerLevel[Cutie New World 2]', x=609.20, y=79.00, z=-1193.20]
[23:31:00] [Server thread/WARN]: Fetching packet for removed entity bcs['Air'/61020, l='ServerLevel[Cutie New World 2]', x=588.20, y=77.00, z=-1213.20]
[23:31:00] [Server thread/WARN]: Fetching packet for removed entity bcs['Air'/61020, l='ServerLevel[Cutie New World 2]', x=588.20, y=77.00, z=-1213.20]
[23:32:22] [Server thread/WARN]: Fetching packet for removed entity bcs['Air'/61272, l='ServerLevel[Cutie New World 2]', x=588.20, y=77.00, z=-1213.20]
[23:32:22] [Server thread/WARN]: Fetching packet for removed entity bcs['Air'/61272, l='ServerLevel[Cutie New World 2]', x=588.20, y=77.00, z=-1213.20]
[23:32:45] [Server thread/WARN]: Fetching packet for removed entity bcs['Air'/61362, l='ServerLevel[Cutie New World 2]', x=609.20, y=79.00, z=-1191.80]
[23:32:45] [Server thread/WARN]: Fetching packet for removed entity bcs['Air'/61362, l='ServerLevel[Cutie New World 2]', x=609.20, y=79.00, z=-1191.80]
[23:36:21] [Server thread/WARN]: Fetching packet for removed entity bcs['Air'/62308, l='ServerLevel[Cutie New World 2]', x=588.80, y=77.00, z=-1213.20]
[23:38:42] [Server thread/WARN]: Fetching packet for removed entity bcs['Air'/62901, l='ServerLevel[Cutie New World 2]', x=588.20, y=77.00, z=-1213.20]
[23:38:42] [Server thread/WARN]: Fetching packet for removed entity bcs['Air'/62901, l='ServerLevel[Cutie New World 2]', x=588.20, y=77.00, z=-1213.20]
[23:38:42] [Server thread/WARN]: Fetching packet for removed entity bcs['Air'/62901, l='ServerLevel[Cutie New World 2]', x=588.20, y=77.00, z=-1213.20]
[23:39:09] [Server thread/INFO]: TheQUell has made the advancement [A Seedy Place]
[23:39:26] [Server thread/WARN]: Fetching packet for removed entity bcs['Air'/63058, l='ServerLevel[Cutie New World 2]', x=609.20, y=79.00, z=-1193.20]
[23:39:26] [Server thread/WARN]: Fetching packet for removed entity bcs['Air'/63058, l='ServerLevel[Cutie New World 2]', x=609.20, y=79.00, z=-1193.20]
[23:39:26] [Server thread/WARN]: Fetching packet for removed entity bcs['Air'/63058, l='ServerLevel[Cutie New World 2]', x=609.20, y=79.00, z=-1193.20]
[23:39:28] [Server thread/WARN]: Fetching packet for removed entity bcs['Air'/63062, l='ServerLevel[Cutie New World 2]', x=609.20, y=79.00, z=-1191.20]
[23:39:28] [Server thread/WARN]: Fetching packet for removed entity bcs['Air'/63062, l='ServerLevel[Cutie New World 2]', x=609.20, y=79.00, z=-1191.20]
[23:39:28] [Server thread/WARN]: Fetching packet for removed entity bcs['Air'/63062, l='ServerLevel[Cutie New World 2]', x=609.20, y=79.00, z=-1191.20]
[23:41:49] [Server thread/WARN]: Fetching packet for removed entity bcs['Air'/63461, l='ServerLevel[Cutie New World 2]', x=588.20, y=77.00, z=-1213.20]
[23:41:49] [Server thread/WARN]: Fetching packet for removed entity bcs['Air'/63461, l='ServerLevel[Cutie New World 2]', x=588.20, y=77.00, z=-1213.20]
[23:41:49] [Server thread/WARN]: Fetching packet for removed entity bcs['Air'/63461, l='ServerLevel[Cutie New World 2]', x=588.20, y=77.00, z=-1213.20]
